Prorgam

Assign
    IdentExpression(a)
    NumberExpression(10)

--------

PrintExpression
    IdentExpression(a)

--------

Assign
    IdentExpression(a)
    StringExpression(Hello)

--------

PrintExpression
    IdentExpression(a)

--------

Assign
    IdentExpression(a)
    BooleanExpression(True)

--------

PrintExpression
    IdentExpression(a)

--------

PrintExpression
    StringExpression()

--------

IfStatement
    PrintExpression
        StringExpression(Who cares, it won't be printed anyway)

--------

IfStatement
    PrintExpression
        StringExpression(Who cares, it won't be printed anyway)

--------

IfStatement
    PrintExpression
        StringExpression(Who cares, it won't be printed anyway)

--------

IfStatement
    PrintExpression
        StringExpression(Horay, if statement is working)

--------

PrintExpression
    StringExpression()

--------

Assign
    IdentExpression(a)
    EqualExpression
        NumberExpression(0)
        NumberExpression(5)

--------

IfStatement
    PrintExpression
        StringExpression(Wrong!)

--------

IfStatement
    PrintExpression
        StringExpression(Wrong!)

--------

IfStatement
    PrintExpression
        StringExpression(AAAAAAAAAAAAAA)

--------

PrintExpression
    StringExpression()

--------

Assign
    IdentExpression(a)
    NumberExpression(0)

--------

Assign
    IdentExpression(a)
    AddExpression
        IdentExpression(a)
        NumberExpression(1)

--------

PrintExpression
    IdentExpression(a)

--------

Assign
    IdentExpression(i)
    NumberExpression(0)

--------

Assign
    IdentExpression(j)
    NumberExpression(0)

--------

WhileStatement

--------

PrintExpression
    StringExpression()

--------

Assign
    IdentExpression(arr)
    ArrayExpression
        NumberExpression(1)
        NumberExpression(2)
        NumberExpression(3)

--------

PrintExpression
    IdentExpression(arr)

--------

PrintExpression
    AccessByIndexExpression
        Ident(arr)
        NumberExpression(0)

--------

Assign
    IdentExpression(<interpreter.nodes.expressions.AccesByIndexExpression.AccessByIndexExpression object at 0x7f7d64370d50>)
    NumberExpression(0)

--------

PrintExpression
    AccessByIndexExpression
        Ident(arr)
        NumberExpression(0)

--------

Assign
    IdentExpression(<interpreter.nodes.expressions.AccesByIndexExpression.AccessByIndexExpression object at 0x7f7d64370f90>)
    AddExpression
        AccessByIndexExpression
            Ident(arr)
            NumberExpression(1)
        AccessByIndexExpression
            Ident(arr)
            NumberExpression(2)

--------

PrintExpression
    AccessByIndexExpression
        Ident(arr)
        NumberExpression(0)

--------

PrintExpression
    StringExpression()

--------

Assign
    IdentExpression(arr)
    ArrayExpression
        NumberExpression(5)
        NumberExpression(1)
        NumberExpression(3)
        NumberExpression(4)
        NumberExpression(2)

--------

PrintExpression
    IdentExpression(arr)

--------

PrintExpression
    StringExpression(Let's bubble sort this array!)

--------

Assign
    IdentExpression(i)
    NumberExpression(0)

--------

WhileStatement

--------

PrintExpression
    IdentExpression(arr)

--------

